pos/Turned_Pico_66.jpg 1 0 0 50 49
pos/Turned_Pico_173.jpg 1 0 0 50 49
pos/Turned_Pico_291.jpg 1 0 0 50 49
pos/Turned_Pico_17.jpg 1 0 0 50 49
pos/Turned_Pico_137.jpg 1 0 0 50 49
pos/Turned_Pico_Affine_29.jpg 1 0 0 50 49
pos/Turned_Pico_236.jpg 1 0 0 50 49
pos/Turned_Pico_232.jpg 1 0 0 50 49
pos/Turned_Pico_186.jpg 1 0 0 50 49
pos/Turned_Pico_263.jpg 1 0 0 50 49
pos/Turned_Pico_169.jpg 1 0 0 50 49
pos/Turned_Pico_13.jpg 1 0 0 50 49
pos/Turned_Pico_82.jpg 1 0 0 50 49
pos/Turned_Pico_181.jpg 1 0 0 50 49
pos/Turned_Pico_255.jpg 1 0 0 50 49
pos/Turned_Pico_154.jpg 1 0 0 50 49
pos/Turned_Pico_87.jpg 1 0 0 50 49
pos/Turned_Pico_136.jpg 1 0 0 50 49
pos/Turned_Pico_84.jpg 1 0 0 50 49
pos/Turned_Pico_12.jpg 1 0 0 50 49
pos/Turned_Pico_Affine_47.jpg 1 0 0 50 49
pos/Turned_Pico_342.jpg 1 0 0 50 49
pos/Turned_Pico_165.jpg 1 0 0 50 49
pos/Turned_Pico_11.jpg 1 0 0 50 49
pos/Turned_Pico_298.jpg 1 0 0 50 49
pos/Turned_Pico_306.jpg 1 0 0 50 49
pos/Turned_Pico_289.jpg 1 0 0 50 49
pos/Turned_Pico_233.jpg 1 0 0 50 49
pos/Turned_Pico_Affine_54.jpg 1 0 0 50 49
pos/Turned_Pico_243.jpg 1 0 0 50 49
pos/Turned_Pico_131.jpg 1 0 0 50 49
pos/Turned_Pico_251.jpg 1 0 0 50 49
pos/Turned_Pico_193.jpg 1 0 0 50 49
pos/Turned_Pico_Affine_51.jpg 1 0 0 50 49
pos/Turned_Pico_267.jpg 1 0 0 50 49
pos/Turned_Pico_47.jpg 1 0 0 50 49
pos/Turned_Pico_296.jpg 1 0 0 50 49
pos/Turned_Pico_151.jpg 1 0 0 50 49
pos/Turned_Pico_195.jpg 1 0 0 50 49
pos/Turned_Pico_260.jpg 1 0 0 50 49
pos/Turned_Pico_348.jpg 1 0 0 50 49
pos/Turned_Pico_Affine_75.jpg 1 0 0 50 49
pos/Turned_Pico_256.jpg 1 0 0 50 49
pos/Turned_Pico_332.jpg 1 0 0 50 49
pos/Turned_Pico_196.jpg 1 0 0 50 49
pos/Turned_Pico_240.jpg 1 0 0 50 49
pos/Turned_Pico_245.jpg 1 0 0 50 49
pos/Turned_Pico_142.jpg 1 0 0 50 49
pos/Turned_Pico_322.jpg 1 0 0 50 49
pos/Turned_Pico_242.jpg 1 0 0 50 49
pos/Turned_Pico_200.jpg 1 0 0 50 49
pos/Turned_Pico_156.jpg 1 0 0 50 49
pos/Turned_Pico_163.jpg 1 0 0 50 49
pos/Turned_Pico_152.jpg 1 0 0 50 49
pos/Turned_Pico_147.jpg 1 0 0 50 49
pos/Turned_Pico_168.jpg 1 0 0 50 49
pos/Turned_Pico_341.jpg 1 0 0 50 49
pos/Turned_Pico_109.jpg 1 0 0 50 49
pos/Turned_Pico_337.jpg 1 0 0 50 49
pos/Turned_Pico_194.jpg 1 0 0 50 49
pos/Turned_Pico_223.jpg 1 0 0 50 49
pos/Turned_Pico_Affine_21.jpg 1 0 0 50 49
pos/Turned_Pico_248.jpg 1 0 0 50 49
pos/Turned_Pico_14.jpg 1 0 0 50 49
pos/Turned_Pico_91.jpg 1 0 0 50 49
pos/Turned_Pico_Affine_10.jpg 1 0 0 50 49
pos/Turned_Pico_Affine_49.jpg 1 0 0 50 49
pos/Turned_Pico_Affine_1.jpg 1 0 0 50 49
pos/Turned_Pico_239.jpg 1 0 0 50 49
pos/Turned_Pico_29.jpg 1 0 0 50 49
pos/Turned_Pico_77.jpg 1 0 0 50 49
pos/Turned_Pico_146.jpg 1 0 0 50 49
pos/Turned_Pico_55.jpg 1 0 0 50 49
pos/Turned_Pico_130.jpg 1 0 0 50 49
pos/Turned_Pico_229.jpg 1 0 0 50 49
pos/Turned_Pico_288.jpg 1 0 0 50 49
pos/Turned_Pico_125.jpg 1 0 0 50 49
pos/Turned_Pico_15.jpg 1 0 0 50 49
pos/Turned_Pico_197.jpg 1 0 0 50 49
pos/Turned_Pico_259.jpg 1 0 0 50 49
pos/Turned_Pico_116.jpg 1 0 0 50 49
pos/Turned_Pico_128.jpg 1 0 0 50 49
pos/Turned_Pico_227.jpg 1 0 0 50 49
pos/Turned_Pico_132.jpg 1 0 0 50 49
pos/Turned_Pico_279.jpg 1 0 0 50 49
pos/Turned_Pico_292.jpg 1 0 0 50 49
pos/Turned_Pico_338.jpg 1 0 0 50 49
pos/Turned_Pico_Affine_44.jpg 1 0 0 50 49
pos/Turned_Pico_305.jpg 1 0 0 50 49
pos/Turned_Pico_57.jpg 1 0 0 50 49
pos/Turned_Pico_250.jpg 1 0 0 50 49
pos/Turned_Pico_Affine_32.jpg 1 0 0 50 49
pos/Turned_Pico_237.jpg 1 0 0 50 49
pos/Turned_Pico_140.jpg 1 0 0 50 49
pos/Turned_Pico_314.jpg 1 0 0 50 49
pos/Turned_Pico_326.jpg 1 0 0 50 49
pos/Turned_Pico_174.jpg 1 0 0 50 49
pos/Turned_Pico_Affine_48.jpg 1 0 0 50 49
pos/Turned_Pico_135.jpg 1 0 0 50 49
pos/Turned_Pico_48.jpg 1 0 0 50 49
pos/Turned_Pico_107.jpg 1 0 0 50 49
pos/Turned_Pico_175.jpg 1 0 0 50 49
pos/Turned_Pico_221.jpg 1 0 0 50 49
pos/Turned_Pico_226.jpg 1 0 0 50 49
pos/Turned_Pico_246.jpg 1 0 0 50 49
pos/Turned_Pico_Affine_7.jpg 1 0 0 50 49
pos/Turned_Pico_247.jpg 1 0 0 50 49
pos/Turned_Pico_339.jpg 1 0 0 50 49
pos/Turned_Pico_134.jpg 1 0 0 50 49
pos/Turned_Pico_16.jpg 1 0 0 50 49
pos/Turned_Pico_8.jpg 1 0 0 50 49
pos/Turned_Pico_327.jpg 1 0 0 50 49
pos/Turned_Pico_235.jpg 1 0 0 50 49
pos/Turned_Pico_278.jpg 1 0 0 50 49
pos/Turned_Pico_266.jpg 1 0 0 50 49
pos/Turned_Pico_Affine_8.jpg 1 0 0 50 49
pos/Turned_Pico_60.jpg 1 0 0 50 49
pos/Turned_Pico_98.jpg 1 0 0 50 49
pos/Turned_Pico_345.jpg 1 0 0 50 49
pos/Turned_Pico_99.jpg 1 0 0 50 49
pos/Turned_Pico_217.jpg 1 0 0 50 49
pos/Turned_Pico_Affine_61.jpg 1 0 0 50 49
pos/Turned_Pico_141.jpg 1 0 0 50 49
pos/Turned_Pico_293.jpg 1 0 0 50 49
pos/Turned_Pico_64.jpg 1 0 0 50 49
pos/Turned_Pico_297.jpg 1 0 0 50 49
pos/Turned_Pico_33.jpg 1 0 0 50 49
pos/Turned_Pico_Affine_37.jpg 1 0 0 50 49
pos/Turned_Pico_346.jpg 1 0 0 50 49
pos/Turned_Pico_309.jpg 1 0 0 50 49
pos/Turned_Pico_214.jpg 1 0 0 50 49
pos/Turned_Pico_Affine_50.jpg 1 0 0 50 49
pos/Turned_Pico_280.jpg 1 0 0 50 49
pos/Turned_Pico_167.jpg 1 0 0 50 49
pos/Turned_Pico_41.jpg 1 0 0 50 49
pos/Turned_Pico_349.jpg 1 0 0 50 49
pos/Turned_Pico_313.jpg 1 0 0 50 49
pos/Turned_Pico_315.jpg 1 0 0 50 49
pos/Turned_Pico_185.jpg 1 0 0 50 49
pos/Turned_Pico_300.jpg 1 0 0 50 49
pos/Turned_Pico_32.jpg 1 0 0 50 49
pos/Turned_Pico_Affine_62.jpg 1 0 0 50 49
pos/Turned_Pico_28.jpg 1 0 0 50 49
pos/Turned_Pico_352.jpg 1 0 0 50 49
pos/Turned_Pico_108.jpg 1 0 0 50 49
pos/Turned_Pico_199.jpg 1 0 0 50 49
pos/Turned_Pico_270.jpg 1 0 0 50 49
pos/Turned_Pico_5.jpg 1 0 0 50 49
pos/Turned_Pico_53.jpg 1 0 0 50 49
pos/Turned_Pico_31.jpg 1 0 0 50 49
pos/Turned_Pico_22.jpg 1 0 0 50 49
pos/Turned_Pico_Affine_19.jpg 1 0 0 50 49
pos/Turned_Pico_272.jpg 1 0 0 50 49
pos/Turned_Pico_230.jpg 1 0 0 50 49
pos/Turned_Pico_324.jpg 1 0 0 50 49
pos/Turned_Pico_Affine_67.jpg 1 0 0 50 49
pos/Turned_Pico_275.jpg 1 0 0 50 49
pos/Turned_Pico_356.jpg 1 0 0 50 49
pos/Turned_Pico_331.jpg 1 0 0 50 49
pos/Turned_Pico_328.jpg 1 0 0 50 49
pos/Turned_Pico_Affine_28.jpg 1 0 0 50 49
pos/Turned_Pico_26.jpg 1 0 0 50 49
pos/Turned_Pico_105.jpg 1 0 0 50 49
pos/Turned_Pico_Affine_13.jpg 1 0 0 50 49
pos/Turned_Pico_Affine_46.jpg 1 0 0 50 49
pos/Turned_Pico_Affine_53.jpg 1 0 0 50 49
pos/Turned_Pico_155.jpg 1 0 0 50 49
pos/Turned_Pico_126.jpg 1 0 0 50 49
pos/Turned_Pico_320.jpg 1 0 0 50 49
pos/Turned_Pico_121.jpg 1 0 0 50 49
pos/Turned_Pico_224.jpg 1 0 0 50 49
pos/Turned_Pico_Affine_40.jpg 1 0 0 50 49
pos/Turned_Pico_Affine_42.jpg 1 0 0 50 49
pos/Turned_Pico_100.jpg 1 0 0 50 49
pos/Turned_Pico_95.jpg 1 0 0 50 49
pos/Turned_Pico_Affine_70.jpg 1 0 0 50 49
pos/Turned_Pico_Affine_14.jpg 1 0 0 50 49
pos/Turned_Pico_44.jpg 1 0 0 50 49
pos/Turned_Pico_Affine_59.jpg 1 0 0 50 49
pos/Turned_Pico_124.jpg 1 0 0 50 49
pos/Turned_Pico_319.jpg 1 0 0 50 49
pos/Turned_Pico_65.jpg 1 0 0 50 49
pos/Turned_Pico_Affine_73.jpg 1 0 0 50 49
pos/Turned_Pico_301.jpg 1 0 0 50 49
pos/Turned_Pico_Affine_68.jpg 1 0 0 50 49
pos/Turned_Pico_191.jpg 1 0 0 50 49
pos/Turned_Pico_184.jpg 1 0 0 50 49
pos/Turned_Pico_36.jpg 1 0 0 50 49
pos/Turned_Pico_218.jpg 1 0 0 50 49
pos/Turned_Pico_179.jpg 1 0 0 50 49
pos/Turned_Pico_94.jpg 1 0 0 50 49
pos/Turned_Pico_97.jpg 1 0 0 50 49
pos/Turned_Pico_119.jpg 1 0 0 50 49
pos/Turned_Pico_287.jpg 1 0 0 50 49
pos/Turned_Pico_83.jpg 1 0 0 50 49
pos/Turned_Pico_85.jpg 1 0 0 50 49
pos/Turned_Pico_285.jpg 1 0 0 50 49
pos/Turned_Pico_276.jpg 1 0 0 50 49
pos/Turned_Pico_333.jpg 1 0 0 50 49
pos/Turned_Pico_Affine_25.jpg 1 0 0 50 49
pos/Turned_Pico_58.jpg 1 0 0 50 49
pos/Turned_Pico_79.jpg 1 0 0 50 49
pos/Turned_Pico_207.jpg 1 0 0 50 49
pos/Turned_Pico_252.jpg 1 0 0 50 49
pos/Turned_Pico_182.jpg 1 0 0 50 49
pos/Turned_Pico_3.jpg 1 0 0 50 49
pos/Turned_Pico_268.jpg 1 0 0 50 49
pos/Turned_Pico_96.jpg 1 0 0 50 49
pos/Turned_Pico_357.jpg 1 0 0 50 49
pos/Turned_Pico_78.jpg 1 0 0 50 49
pos/Turned_Pico_161.jpg 1 0 0 50 49
pos/Turned_Pico_Affine_66.jpg 1 0 0 50 49
pos/Turned_Pico_350.jpg 1 0 0 50 49
pos/Turned_Pico_244.jpg 1 0 0 50 49
pos/Turned_Pico_316.jpg 1 0 0 50 49
pos/Turned_Pico_133.jpg 1 0 0 50 49
pos/Turned_Pico_211.jpg 1 0 0 50 49
pos/Turned_Pico_253.jpg 1 0 0 50 49
pos/Turned_Pico_Affine_52.jpg 1 0 0 50 49
pos/Turned_Pico_329.jpg 1 0 0 50 49
pos/Turned_Pico_Affine_20.jpg 1 0 0 50 49
pos/Turned_Pico_202.jpg 1 0 0 50 49
pos/Turned_Pico_69.jpg 1 0 0 50 49
pos/Turned_Pico_Affine_55.jpg 1 0 0 50 49
pos/Turned_Pico_166.jpg 1 0 0 50 49
pos/Turned_Pico_21.jpg 1 0 0 50 49
pos/Turned_Pico_311.jpg 1 0 0 50 49
pos/Turned_Pico_88.jpg 1 0 0 50 49
pos/Turned_Pico_215.jpg 1 0 0 50 49
pos/Turned_Pico_286.jpg 1 0 0 50 49
pos/Turned_Pico_187.jpg 1 0 0 50 49
pos/Turned_Pico_304.jpg 1 0 0 50 49
pos/Turned_Pico_Affine_2.jpg 1 0 0 50 49
pos/Turned_Pico_2.jpg 1 0 0 50 49
pos/Turned_Pico_Affine_69.jpg 1 0 0 50 49
pos/Turned_Pico_213.jpg 1 0 0 50 49
pos/Turned_Pico_35.jpg 1 0 0 50 49
pos/Turned_Pico_106.jpg 1 0 0 50 49
pos/Turned_Pico_160.jpg 1 0 0 50 49
pos/Turned_Pico_67.jpg 1 0 0 50 49
pos/Turned_Pico_157.jpg 1 0 0 50 49
pos/Turned_Pico_307.jpg 1 0 0 50 49
pos/Turned_Pico_46.jpg 1 0 0 50 49
pos/Turned_Pico_18.jpg 1 0 0 50 49
pos/Turned_Pico_Affine_18.jpg 1 0 0 50 49
pos/Turned_Pico_355.jpg 1 0 0 50 49
pos/Turned_Pico_Affine_35.jpg 1 0 0 50 49
pos/Turned_Pico_Affine_45.jpg 1 0 0 50 49
pos/Turned_Pico_86.jpg 1 0 0 50 49
pos/Turned_Pico_231.jpg 1 0 0 50 49
pos/Turned_Pico_183.jpg 1 0 0 50 49
pos/Turned_Pico_Affine_39.jpg 1 0 0 50 49
pos/Turned_Pico_164.jpg 1 0 0 50 49
pos/Turned_Pico_Affine_34.jpg 1 0 0 50 49
pos/Turned_Pico_257.jpg 1 0 0 50 49
pos/Turned_Pico_162.jpg 1 0 0 50 49
pos/Turned_Pico_159.jpg 1 0 0 50 49
pos/Turned_Pico_347.jpg 1 0 0 50 49
pos/Turned_Pico_188.jpg 1 0 0 50 49
pos/Turned_Pico_302.jpg 1 0 0 50 49
pos/Turned_Pico_238.jpg 1 0 0 50 49
pos/Turned_Pico_118.jpg 1 0 0 50 49
pos/Turned_Pico_334.jpg 1 0 0 50 49
pos/Turned_Pico_189.jpg 1 0 0 50 49
pos/Turned_Pico_104.jpg 1 0 0 50 49
pos/Turned_Pico_80.jpg 1 0 0 50 49
pos/Turned_Pico_129.jpg 1 0 0 50 49
pos/Turned_Pico_51.jpg 1 0 0 50 49
pos/Turned_Pico_Affine_12.jpg 1 0 0 50 49
pos/Turned_Pico_171.jpg 1 0 0 50 49
pos/Turned_Pico_Affine_27.jpg 1 0 0 50 49
pos/Turned_Pico_274.jpg 1 0 0 50 49
pos/Turned_Pico_198.jpg 1 0 0 50 49
pos/Turned_Pico_68.jpg 1 0 0 50 49
pos/Turned_Pico_343.jpg 1 0 0 50 49
pos/Turned_Pico_Affine_6.jpg 1 0 0 50 49
pos/Turned_Pico_112.jpg 1 0 0 50 49
pos/Turned_Pico_Affine_79.jpg 1 0 0 50 49
pos/Turned_Pico_Affine_71.jpg 1 0 0 50 49
pos/Turned_Pico_Affine_76.jpg 1 0 0 50 49
pos/Turned_Pico_153.jpg 1 0 0 50 49
pos/Turned_Pico_42.jpg 1 0 0 50 49
pos/Turned_Pico_Affine_16.jpg 1 0 0 50 49
pos/Turned_Pico_Affine_74.jpg 1 0 0 50 49
pos/Turned_Pico_150.jpg 1 0 0 50 49
pos/Turned_Pico_172.jpg 1 0 0 50 49
pos/Turned_Pico_144.jpg 1 0 0 50 49
pos/Turned_Pico_61.jpg 1 0 0 50 49
pos/Turned_Pico_114.jpg 1 0 0 50 49
pos/Turned_Pico_127.jpg 1 0 0 50 49
pos/Turned_Pico_354.jpg 1 0 0 50 49
pos/Turned_Pico_323.jpg 1 0 0 50 49
pos/Turned_Pico_89.jpg 1 0 0 50 49
pos/Turned_Pico_148.jpg 1 0 0 50 49
pos/Turned_Pico_39.jpg 1 0 0 50 49
pos/Turned_Pico_178.jpg 1 0 0 50 49
pos/Turned_Pico_Affine_78.jpg 1 0 0 50 49
pos/Turned_Pico_325.jpg 1 0 0 50 49
pos/Turned_Pico_344.jpg 1 0 0 50 49
pos/Turned_Pico_Affine_26.jpg 1 0 0 50 49
pos/Turned_Pico_0.jpg 1 0 0 50 49
pos/Turned_Pico_30.jpg 1 0 0 50 49
pos/Turned_Pico_Affine_72.jpg 1 0 0 50 49
pos/Turned_Pico_158.jpg 1 0 0 50 49
pos/Turned_Pico_284.jpg 1 0 0 50 49
pos/Turned_Pico_93.jpg 1 0 0 50 49
pos/Turned_Pico_204.jpg 1 0 0 50 49
pos/Turned_Pico_303.jpg 1 0 0 50 49
pos/Turned_Pico_49.jpg 1 0 0 50 49
pos/Turned_Pico_59.jpg 1 0 0 50 49
pos/Turned_Pico_117.jpg 1 0 0 50 49
pos/Turned_Pico_210.jpg 1 0 0 50 49
pos/Turned_Pico_318.jpg 1 0 0 50 49
pos/Turned_Pico_358.jpg 1 0 0 50 49
pos/Turned_Pico_Affine_24.jpg 1 0 0 50 49
pos/Turned_Pico_Affine_0.jpg 1 0 0 50 49
pos/Turned_Pico_273.jpg 1 0 0 50 49
pos/Turned_Pico_Affine_5.jpg 1 0 0 50 49
pos/Turned_Pico_336.jpg 1 0 0 50 49
pos/Turned_Pico_340.jpg 1 0 0 50 49
pos/Turned_Pico_10.jpg 1 0 0 50 49
pos/Turned_Pico_271.jpg 1 0 0 50 49
pos/Turned_Pico_34.jpg 1 0 0 50 49
pos/Turned_Pico_62.jpg 1 0 0 50 49
pos/Turned_Pico_38.jpg 1 0 0 50 49
pos/Turned_Pico_27.jpg 1 0 0 50 49
pos/Turned_Pico_321.jpg 1 0 0 50 49
pos/Turned_Pico_139.jpg 1 0 0 50 49
pos/Turned_Pico_52.jpg 1 0 0 50 49
pos/Turned_Pico_359.jpg 1 0 0 50 49
pos/Turned_Pico_241.jpg 1 0 0 50 49
pos/Turned_Pico_228.jpg 1 0 0 50 49
pos/Turned_Pico_Affine_22.jpg 1 0 0 50 49
pos/Turned_Pico_9.jpg 1 0 0 50 49
pos/Turned_Pico_19.jpg 1 0 0 50 49
pos/Turned_Pico_282.jpg 1 0 0 50 49
pos/Turned_Pico_Affine_11.jpg 1 0 0 50 49
pos/Turned_Pico_299.jpg 1 0 0 50 49
pos/Turned_Pico_Affine_58.jpg 1 0 0 50 49
pos/Turned_Pico_Affine_31.jpg 1 0 0 50 49
pos/Turned_Pico_269.jpg 1 0 0 50 49
pos/Turned_Pico_258.jpg 1 0 0 50 49
pos/Turned_Pico_308.jpg 1 0 0 50 49
pos/Turned_Pico_Affine_60.jpg 1 0 0 50 49
pos/Turned_Pico_Affine_23.jpg 1 0 0 50 49
pos/Turned_Pico_92.jpg 1 0 0 50 49
pos/Turned_Pico_81.jpg 1 0 0 50 49
pos/Turned_Pico_24.jpg 1 0 0 50 49
pos/Turned_Pico_74.jpg 1 0 0 50 49
pos/Turned_Pico_101.jpg 1 0 0 50 49
pos/Turned_Pico_281.jpg 1 0 0 50 49
pos/Turned_Pico_249.jpg 1 0 0 50 49
pos/Turned_Pico_123.jpg 1 0 0 50 49
pos/Turned_Pico_Affine_77.jpg 1 0 0 50 49
pos/Turned_Pico_190.jpg 1 0 0 50 49
pos/Turned_Pico_330.jpg 1 0 0 50 49
pos/Turned_Pico_103.jpg 1 0 0 50 49
pos/Turned_Pico_145.jpg 1 0 0 50 49
pos/Turned_Pico_122.jpg 1 0 0 50 49
pos/Turned_Pico_234.jpg 1 0 0 50 49
pos/Turned_Pico_90.jpg 1 0 0 50 49
pos/Turned_Pico_73.jpg 1 0 0 50 49
pos/Turned_Pico_Affine_9.jpg 1 0 0 50 49
pos/Turned_Pico_277.jpg 1 0 0 50 49
pos/Turned_Pico_Affine_38.jpg 1 0 0 50 49
pos/Turned_Pico_43.jpg 1 0 0 50 49
pos/Turned_Pico_102.jpg 1 0 0 50 49
pos/Turned_Pico_45.jpg 1 0 0 50 49
pos/Turned_Pico_254.jpg 1 0 0 50 49
pos/Turned_Pico_222.jpg 1 0 0 50 49
pos/Turned_Pico_205.jpg 1 0 0 50 49
pos/Turned_Pico_63.jpg 1 0 0 50 49
pos/Turned_Pico_225.jpg 1 0 0 50 49
pos/Turned_Pico_264.jpg 1 0 0 50 49
pos/Turned_Pico_317.jpg 1 0 0 50 49
pos/Turned_Pico_335.jpg 1 0 0 50 49
pos/Turned_Pico_192.jpg 1 0 0 50 49
pos/Turned_Pico_72.jpg 1 0 0 50 49
pos/Turned_Pico_180.jpg 1 0 0 50 49
pos/Turned_Pico_212.jpg 1 0 0 50 49
pos/Turned_Pico_23.jpg 1 0 0 50 49
pos/Turned_Pico_70.jpg 1 0 0 50 49
pos/Turned_Pico_75.jpg 1 0 0 50 49
pos/Turned_Pico_206.jpg 1 0 0 50 49
pos/Turned_Pico_353.jpg 1 0 0 50 49
pos/Turned_Pico_20.jpg 1 0 0 50 49
pos/Turned_Pico_71.jpg 1 0 0 50 49
pos/Turned_Pico_25.jpg 1 0 0 50 49
pos/Turned_Pico_1.jpg 1 0 0 50 49
pos/Turned_Pico_201.jpg 1 0 0 50 49
pos/Turned_Pico_294.jpg 1 0 0 50 49
pos/Turned_Pico_138.jpg 1 0 0 50 49
pos/Turned_Pico_176.jpg 1 0 0 50 49
pos/Turned_Pico_Affine_15.jpg 1 0 0 50 49
pos/Turned_Pico_177.jpg 1 0 0 50 49
pos/Turned_Pico_50.jpg 1 0 0 50 49
pos/Turned_Pico_Affine_30.jpg 1 0 0 50 49
pos/Turned_Pico_115.jpg 1 0 0 50 49
pos/Turned_Pico_120.jpg 1 0 0 50 49
pos/Turned_Pico_170.jpg 1 0 0 50 49
pos/Turned_Pico_Affine_57.jpg 1 0 0 50 49
pos/Turned_Pico_312.jpg 1 0 0 50 49
pos/Turned_Pico_Affine_65.jpg 1 0 0 50 49
pos/Turned_Pico_56.jpg 1 0 0 50 49
pos/Turned_Pico_Affine_56.jpg 1 0 0 50 49
pos/Turned_Pico_37.jpg 1 0 0 50 49
pos/Turned_Pico_143.jpg 1 0 0 50 49
pos/Turned_Pico_40.jpg 1 0 0 50 49
pos/Turned_Pico_7.jpg 1 0 0 50 49
pos/Turned_Pico_283.jpg 1 0 0 50 49
pos/Turned_Pico_Affine_4.jpg 1 0 0 50 49
pos/Turned_Pico_262.jpg 1 0 0 50 49
pos/Turned_Pico_Affine_3.jpg 1 0 0 50 49
pos/Turned_Pico_149.jpg 1 0 0 50 49
pos/Turned_Pico_Affine_33.jpg 1 0 0 50 49
pos/Turned_Pico_Affine_64.jpg 1 0 0 50 49
pos/Turned_Pico_Affine_17.jpg 1 0 0 50 49
pos/Turned_Pico_Affine_63.jpg 1 0 0 50 49
pos/Turned_Pico_219.jpg 1 0 0 50 49
pos/Turned_Pico_265.jpg 1 0 0 50 49
pos/Turned_Pico_261.jpg 1 0 0 50 49
pos/Turned_Pico_Affine_36.jpg 1 0 0 50 49
pos/Turned_Pico_209.jpg 1 0 0 50 49
pos/Turned_Pico_220.jpg 1 0 0 50 49
pos/Turned_Pico_111.jpg 1 0 0 50 49
pos/Turned_Pico_295.jpg 1 0 0 50 49
pos/Turned_Pico_310.jpg 1 0 0 50 49
pos/Turned_Pico_203.jpg 1 0 0 50 49
pos/Turned_Pico_6.jpg 1 0 0 50 49
pos/Turned_Pico_208.jpg 1 0 0 50 49
pos/Turned_Pico_216.jpg 1 0 0 50 49
pos/Turned_Pico_110.jpg 1 0 0 50 49
pos/Turned_Pico_54.jpg 1 0 0 50 49
pos/Turned_Pico_Affine_41.jpg 1 0 0 50 49
pos/Turned_Pico_76.jpg 1 0 0 50 49
pos/Turned_Pico_113.jpg 1 0 0 50 49
pos/Turned_Pico_351.jpg 1 0 0 50 49
pos/Turned_Pico_Affine_43.jpg 1 0 0 50 49
pos/Turned_Pico_4.jpg 1 0 0 50 49
pos/Turned_Pico_290.jpg 1 0 0 50 49
