0001_0008_0054_0032_0032.jpg 1 8 54 32 32
0002_0026_0017_0061_0061.jpg 1 26 17 61 61
0003_0038_0043_0025_0025.jpg 1 38 43 25 25
0004_0020_0019_0046_0046.jpg 1 20 19 46 46
0005_0015_0014_0050_0050.jpg 1 15 14 50 50
0006_0019_0032_0050_0050.jpg 1 19 32 50 50
0007_0041_0059_0024_0024.jpg 1 41 59 24 24
0008_0035_0020_0028_0028.jpg 1 35 20 28 28
0009_0011_0030_0045_0045.jpg 1 11 30 45 45
0010_0016_0022_0038_0038.jpg 1 16 22 38 38
0011_0037_0035_0054_0054.jpg 1 37 35 54 54
0012_0004_0030_0062_0062.jpg 1 4 30 62 62
0013_0034_0030_0047_0047.jpg 1 34 30 47 47
0014_0019_0044_0042_0042.jpg 1 19 44 42 42
0015_0020_0014_0061_0061.jpg 1 20 14 61 61
0016_0041_0030_0054_0054.jpg 1 41 30 54 54
0017_0031_0008_0041_0041.jpg 1 31 8 41 41
0018_0032_0023_0049_0049.jpg 1 32 23 49 49
0019_0017_0028_0067_0067.jpg 1 17 28 67 67
0020_0017_0039_0052_0052.jpg 1 17 39 52 52
0021_0006_0024_0069_0069.jpg 1 6 24 69 69
0022_0020_0009_0048_0048.jpg 1 20 9 48 48
0023_0012_0012_0063_0063.jpg 1 12 12 63 63
0024_0029_0040_0041_0041.jpg 1 29 40 41 41
0025_0027_0009_0048_0048.jpg 1 27 9 48 48
0026_0048_0039_0041_0041.jpg 1 48 39 41 41
0027_0012_0021_0055_0055.jpg 1 12 21 55 55
0028_0008_0007_0068_0068.jpg 1 8 7 68 68
0029_0031_0009_0036_0036.jpg 1 31 9 36 36
0030_0043_0017_0048_0048.jpg 1 43 17 48 48
0031_0040_0015_0040_0040.jpg 1 40 15 40 40
0032_0037_0014_0057_0057.jpg 1 37 14 57 57
0033_0025_0012_0029_0029.jpg 1 25 12 29 29
0034_0013_0012_0063_0063.jpg 1 13 12 63 63
0035_0006_0017_0068_0068.jpg 1 6 17 68 68
0036_0033_0035_0049_0049.jpg 1 33 35 49 49
0037_0019_0057_0030_0030.jpg 1 19 57 30 30
0038_0020_0033_0038_0038.jpg 1 20 33 38 38
0039_0009_0024_0057_0057.jpg 1 9 24 57 57
0040_0034_0027_0042_0042.jpg 1 34 27 42 42
0041_0037_0030_0050_0050.jpg 1 37 30 50 50
0042_0014_0027_0040_0040.jpg 1 14 27 40 40
0043_0018_0025_0046_0046.jpg 1 18 25 46 46
0044_0009_0034_0055_0055.jpg 1 9 34 55 55
0045_0028_0021_0066_0066.jpg 1 28 21 66 66
0046_0029_0023_0033_0033.jpg 1 29 23 33 33
0047_0006_0024_0068_0068.jpg 1 6 24 68 68
0048_0044_0027_0048_0048.jpg 1 44 27 48 48
0049_0018_0043_0049_0049.jpg 1 18 43 49 49
0050_0009_0052_0034_0034.jpg 1 9 52 34 34
0051_0011_0013_0041_0041.jpg 1 11 13 41 41
0052_0010_0013_0025_0025.jpg 1 10 13 25 25
0053_0012_0028_0063_0063.jpg 1 12 28 63 63
0054_0031_0046_0025_0025.jpg 1 31 46 25 25
0055_0014_0043_0046_0046.jpg 1 14 43 46 46
0056_0007_0010_0053_0053.jpg 1 7 10 53 53
0057_0023_0017_0034_0034.jpg 1 23 17 34 34
0058_0025_0009_0068_0068.jpg 1 25 9 68 68
0059_0046_0015_0041_0041.jpg 1 46 15 41 41
0060_0012_0060_0032_0032.jpg 1 12 60 32 32
0061_0032_0049_0031_0031.jpg 1 32 49 31 31
0062_0008_0031_0054_0054.jpg 1 8 31 54 54
0063_0033_0017_0056_0056.jpg 1 33 17 56 56
0064_0016_0011_0032_0032.jpg 1 16 11 32 32
0065_0015_0012_0058_0058.jpg 1 15 12 58 58
0066_0012_0019_0030_0030.jpg 1 12 19 30 30
0067_0014_0043_0040_0040.jpg 1 14 43 40 40
0068_0033_0034_0047_0047.jpg 1 33 34 47 47
0069_0043_0034_0036_0036.jpg 1 43 34 36 36
0070_0011_0014_0025_0025.jpg 1 11 14 25 25
0071_0061_0053_0024_0024.jpg 1 61 53 24 24
0072_0050_0022_0041_0041.jpg 1 50 22 41 41
0073_0047_0051_0030_0030.jpg 1 47 51 30 30
0074_0019_0016_0069_0069.jpg 1 19 16 69 69
0075_0017_0039_0052_0052.jpg 1 17 39 52 52
0076_0015_0022_0058_0058.jpg 1 15 22 58 58
0077_0007_0022_0048_0048.jpg 1 7 22 48 48
0078_0043_0031_0032_0032.jpg 1 43 31 32 32
0079_0014_0009_0064_0064.jpg 1 14 9 64 64
0080_0036_0031_0057_0057.jpg 1 36 31 57 57
0081_0015_0032_0034_0034.jpg 1 15 32 34 34
0082_0030_0019_0029_0029.jpg 1 30 19 29 29
0083_0034_0004_0055_0055.jpg 1 34 4 55 55
0084_0027_0030_0046_0046.jpg 1 27 30 46 46
0085_0005_0029_0059_0059.jpg 1 5 29 59 59
0086_0035_0017_0027_0027.jpg 1 35 17 27 27
0087_0048_0030_0030_0030.jpg 1 48 30 30 30
0088_0047_0008_0037_0037.jpg 1 47 8 37 37
0089_0029_0007_0060_0060.jpg 1 29 7 60 60
0090_0014_0019_0069_0069.jpg 1 14 19 69 69
0091_0034_0040_0051_0051.jpg 1 34 40 51 51
0092_0044_0047_0045_0045.jpg 1 44 47 45 45
0093_0030_0025_0049_0049.jpg 1 30 25 49 49
0094_0044_0020_0037_0037.jpg 1 44 20 37 37
0095_0009_0037_0056_0056.jpg 1 9 37 56 56
0096_0052_0052_0031_0031.jpg 1 52 52 31 31
0097_0024_0019_0059_0059.jpg 1 24 19 59 59
0098_0010_0008_0057_0057.jpg 1 10 8 57 57
0099_0044_0034_0050_0050.jpg 1 44 34 50 50
0100_0015_0060_0032_0032.jpg 1 15 60 32 32
0101_0063_0053_0029_0029.jpg 1 63 53 29 29
0102_0051_0046_0030_0030.jpg 1 51 46 30 30
0103_0029_0034_0058_0058.jpg 1 29 34 58 58
0104_0014_0012_0033_0033.jpg 1 14 12 33 33
0105_0047_0050_0028_0028.jpg 1 47 50 28 28
0106_0022_0028_0026_0026.jpg 1 22 28 26 26
0107_0023_0042_0037_0037.jpg 1 23 42 37 37
0108_0008_0033_0052_0052.jpg 1 8 33 52 52
0109_0047_0042_0039_0039.jpg 1 47 42 39 39
0110_0007_0006_0064_0064.jpg 1 7 6 64 64
0111_0015_0024_0061_0061.jpg 1 15 24 61 61
0112_0038_0009_0050_0050.jpg 1 38 9 50 50
0113_0033_0028_0026_0026.jpg 1 33 28 26 26
0114_0013_0020_0065_0065.jpg 1 13 20 65 65
0115_0022_0026_0053_0053.jpg 1 22 26 53 53
0116_0013_0060_0025_0025.jpg 1 13 60 25 25
0117_0042_0045_0027_0027.jpg 1 42 45 27 27
0118_0019_0055_0033_0033.jpg 1 19 55 33 33
0119_0004_0026_0068_0068.jpg 1 4 26 68 68
0120_0032_0005_0063_0063.jpg 1 32 5 63 63
0121_0010_0028_0034_0034.jpg 1 10 28 34 34
0122_0027_0017_0038_0038.jpg 1 27 17 38 38
0123_0016_0026_0024_0024.jpg 1 16 26 24 24
0124_0036_0019_0053_0053.jpg 1 36 19 53 53
0125_0031_0018_0050_0050.jpg 1 31 18 50 50
0126_0007_0041_0034_0034.jpg 1 7 41 34 34
0127_0008_0007_0033_0033.jpg 1 8 7 33 33
0128_0013_0004_0061_0061.jpg 1 13 4 61 61
0129_0008_0025_0058_0058.jpg 1 8 25 58 58
0130_0033_0031_0058_0058.jpg 1 33 31 58 58
0131_0033_0018_0060_0060.jpg 1 33 18 60 60
0132_0020_0010_0044_0044.jpg 1 20 10 44 44
0133_0009_0039_0042_0042.jpg 1 9 39 42 42
0134_0038_0057_0036_0036.jpg 1 38 57 36 36
0135_0007_0021_0052_0052.jpg 1 7 21 52 52
0136_0033_0018_0057_0057.jpg 1 33 18 57 57
0137_0008_0056_0025_0025.jpg 1 8 56 25 25
0138_0028_0010_0048_0048.jpg 1 28 10 48 48
0139_0041_0007_0036_0036.jpg 1 41 7 36 36
0140_0032_0012_0040_0040.jpg 1 32 12 40 40
0141_0009_0012_0065_0065.jpg 1 9 12 65 65
0142_0021_0009_0045_0045.jpg 1 21 9 45 45
0143_0029_0013_0045_0045.jpg 1 29 13 45 45
0144_0027_0006_0059_0059.jpg 1 27 6 59 59
0145_0040_0020_0028_0028.jpg 1 40 20 28 28
0146_0039_0027_0055_0055.jpg 1 39 27 55 55
0147_0040_0036_0040_0040.jpg 1 40 36 40 40
0148_0038_0011_0040_0040.jpg 1 38 11 40 40
0149_0038_0058_0024_0024.jpg 1 38 58 24 24
0150_0016_0034_0053_0053.jpg 1 16 34 53 53
0151_0037_0040_0034_0034.jpg 1 37 40 34 34
0152_0023_0029_0058_0058.jpg 1 23 29 58 58
0153_0029_0016_0046_0046.jpg 1 29 16 46 46
0154_0016_0020_0059_0059.jpg 1 16 20 59 59
0155_0032_0042_0050_0050.jpg 1 32 42 50 50
0156_0029_0012_0024_0024.jpg 1 29 12 24 24
0157_0014_0009_0057_0057.jpg 1 14 9 57 57
0158_0029_0009_0066_0066.jpg 1 29 9 66 66
0159_0005_0013_0050_0050.jpg 1 5 13 50 50
0160_0023_0022_0064_0064.jpg 1 23 22 64 64
0161_0017_0033_0036_0036.jpg 1 17 33 36 36
0162_0036_0044_0032_0032.jpg 1 36 44 32 32
0163_0045_0016_0042_0042.jpg 1 45 16 42 42
0164_0025_0005_0058_0058.jpg 1 25 5 58 58
0165_0020_0044_0025_0025.jpg 1 20 44 25 25
0166_0030_0042_0040_0040.jpg 1 30 42 40 40
0167_0046_0036_0029_0029.jpg 1 46 36 29 29
0168_0014_0025_0066_0066.jpg 1 14 25 66 66
0169_0029_0048_0033_0033.jpg 1 29 48 33 33
0170_0017_0057_0026_0026.jpg 1 17 57 26 26
0171_0032_0020_0026_0026.jpg 1 32 20 26 26
0172_0010_0025_0067_0067.jpg 1 10 25 67 67
0173_0023_0018_0066_0066.jpg 1 23 18 66 66
0174_0009_0041_0031_0031.jpg 1 9 41 31 31
0175_0025_0024_0027_0027.jpg 1 25 24 27 27
0176_0031_0053_0039_0039.jpg 1 31 53 39 39
0177_0022_0015_0053_0053.jpg 1 22 15 53 53
0178_0022_0046_0041_0041.jpg 1 22 46 41 41
0179_0020_0023_0058_0058.jpg 1 20 23 58 58
0180_0047_0019_0036_0036.jpg 1 47 19 36 36
0181_0006_0022_0057_0057.jpg 1 6 22 57 57
0182_0018_0005_0062_0062.jpg 1 18 5 62 62
0183_0011_0022_0046_0046.jpg 1 11 22 46 46
0184_0009_0032_0054_0054.jpg 1 9 32 54 54
0185_0009_0022_0065_0065.jpg 1 9 22 65 65
0186_0033_0013_0055_0055.jpg 1 33 13 55 55
0187_0024_0007_0037_0037.jpg 1 24 7 37 37
0188_0009_0047_0044_0044.jpg 1 9 47 44 44
0189_0039_0042_0035_0035.jpg 1 39 42 35 35
0190_0016_0011_0064_0064.jpg 1 16 11 64 64
0191_0024_0010_0069_0069.jpg 1 24 10 69 69
0192_0028_0008_0038_0038.jpg 1 28 8 38 38
0193_0014_0008_0064_0064.jpg 1 14 8 64 64
0194_0028_0008_0062_0062.jpg 1 28 8 62 62
0195_0041_0041_0026_0026.jpg 1 41 41 26 26
0196_0010_0004_0069_0069.jpg 1 10 4 69 69
0197_0012_0020_0067_0067.jpg 1 12 20 67 67
0198_0040_0049_0033_0033.jpg 1 40 49 33 33
0199_0023_0022_0040_0040.jpg 1 23 22 40 40
0200_0014_0024_0066_0066.jpg 1 14 24 66 66
0201_0023_0015_0056_0056.jpg 1 23 15 56 56
0202_0065_0064_0027_0027.jpg 1 65 64 27 27
0203_0020_0053_0026_0026.jpg 1 20 53 26 26
0204_0036_0033_0039_0039.jpg 1 36 33 39 39
0205_0031_0015_0055_0055.jpg 1 31 15 55 55
0206_0035_0020_0048_0048.jpg 1 35 20 48 48
0207_0015_0036_0040_0040.jpg 1 15 36 40 40
0208_0013_0035_0050_0050.jpg 1 13 35 50 50
0209_0009_0041_0052_0052.jpg 1 9 41 52 52
0210_0044_0030_0039_0039.jpg 1 44 30 39 39
0211_0044_0044_0050_0050.jpg 1 44 44 50 50
0212_0013_0024_0066_0066.jpg 1 13 24 66 66
0213_0033_0038_0044_0044.jpg 1 33 38 44 44
0214_0009_0022_0028_0028.jpg 1 9 22 28 28
0215_0046_0014_0036_0036.jpg 1 46 14 36 36
0216_0007_0015_0056_0056.jpg 1 7 15 56 56
0217_0007_0019_0032_0032.jpg 1 7 19 32 32
0218_0011_0024_0055_0055.jpg 1 11 24 55 55
0219_0034_0046_0030_0030.jpg 1 34 46 30 30
0220_0033_0010_0049_0049.jpg 1 33 10 49 49
0221_0049_0039_0027_0027.jpg 1 49 39 27 27
0222_0014_0020_0054_0054.jpg 1 14 20 54 54
0223_0024_0030_0040_0040.jpg 1 24 30 40 40
0224_0032_0041_0030_0030.jpg 1 32 41 30 30
0225_0057_0048_0029_0029.jpg 1 57 48 29 29
0226_0031_0008_0060_0060.jpg 1 31 8 60 60
0227_0020_0024_0065_0065.jpg 1 20 24 65 65
0228_0005_0015_0060_0060.jpg 1 5 15 60 60
0229_0047_0057_0024_0024.jpg 1 47 57 24 24
0230_0017_0010_0043_0043.jpg 1 17 10 43 43
0231_0004_0019_0066_0066.jpg 1 4 19 66 66
0232_0058_0049_0035_0035.jpg 1 58 49 35 35
0233_0015_0037_0046_0046.jpg 1 15 37 46 46
0234_0033_0018_0045_0045.jpg 1 33 18 45 45
0235_0034_0036_0042_0042.jpg 1 34 36 42 42
0236_0022_0028_0024_0024.jpg 1 22 28 24 24
0237_0014_0016_0069_0069.jpg 1 14 16 69 69
0238_0025_0024_0040_0040.jpg 1 25 24 40 40
0239_0016_0007_0057_0057.jpg 1 16 7 57 57
0240_0010_0006_0057_0057.jpg 1 10 6 57 57
0241_0039_0038_0040_0040.jpg 1 39 38 40 40
0242_0012_0034_0040_0040.jpg 1 12 34 40 40
0243_0023_0042_0048_0048.jpg 1 23 42 48 48
0244_0022_0013_0060_0060.jpg 1 22 13 60 60
0245_0020_0013_0065_0065.jpg 1 20 13 65 65
0246_0038_0043_0032_0032.jpg 1 38 43 32 32
0247_0028_0016_0059_0059.jpg 1 28 16 59 59
0248_0021_0040_0054_0054.jpg 1 21 40 54 54
0249_0018_0022_0050_0050.jpg 1 18 22 50 50
0250_0025_0026_0065_0065.jpg 1 25 26 65 65
