0001_0031_0008_0052_0052.jpg 1 31 8 52 52
0002_0012_0042_0049_0049.jpg 1 12 42 49 49
0003_0040_0016_0037_0037.jpg 1 40 16 37 37
0004_0034_0029_0050_0050.jpg 1 34 29 50 50
0005_0056_0061_0025_0025.jpg 1 56 61 25 25
0006_0026_0010_0038_0038.jpg 1 26 10 38 38
0007_0004_0025_0058_0058.jpg 1 4 25 58 58
0008_0007_0007_0034_0034.jpg 1 7 7 34 34
0009_0004_0028_0061_0061.jpg 1 4 28 61 61
0010_0021_0040_0051_0051.jpg 1 21 40 51 51
0011_0055_0055_0025_0025.jpg 1 55 55 25 25
0012_0028_0015_0042_0042.jpg 1 28 15 42 42
0013_0006_0038_0050_0050.jpg 1 6 38 50 50
0014_0019_0005_0059_0059.jpg 1 19 5 59 59
0015_0027_0022_0050_0050.jpg 1 27 22 50 50
0016_0038_0027_0047_0047.jpg 1 38 27 47 47
0017_0046_0022_0037_0037.jpg 1 46 22 37 37
0018_0003_0024_0069_0069.jpg 1 3 24 69 69
0019_0022_0035_0056_0056.jpg 1 22 35 56 56
0020_0053_0044_0037_0037.jpg 1 53 44 37 37
0021_0007_0004_0061_0061.jpg 1 7 4 61 61
0022_0027_0031_0054_0054.jpg 1 27 31 54 54
0023_0048_0019_0042_0042.jpg 1 48 19 42 42
0024_0064_0043_0026_0026.jpg 1 64 43 26 26
0025_0020_0003_0066_0066.jpg 1 20 3 66 66
0026_0041_0008_0025_0025.jpg 1 41 8 25 25
0027_0041_0008_0044_0044.jpg 1 41 8 44 44
0028_0055_0030_0037_0037.jpg 1 55 30 37 37
0029_0047_0041_0028_0028.jpg 1 47 41 28 28
0030_0025_0022_0066_0066.jpg 1 25 22 66 66
0031_0016_0022_0067_0067.jpg 1 16 22 67 67
0032_0038_0034_0047_0047.jpg 1 38 34 47 47
0033_0012_0018_0063_0063.jpg 1 12 18 63 63
0034_0034_0021_0052_0052.jpg 1 34 21 52 52
0035_0005_0029_0055_0055.jpg 1 5 29 55 55
0036_0029_0043_0050_0050.jpg 1 29 43 50 50
0037_0033_0030_0057_0057.jpg 1 33 30 57 57
0038_0047_0014_0029_0029.jpg 1 47 14 29 29
0039_0004_0020_0069_0069.jpg 1 4 20 69 69
0040_0021_0026_0064_0064.jpg 1 21 26 64 64
0041_0040_0018_0035_0035.jpg 1 40 18 35 35
0042_0019_0006_0067_0067.jpg 1 19 6 67 67
0043_0020_0019_0068_0068.jpg 1 20 19 68 68
0044_0029_0039_0024_0024.jpg 1 29 39 24 24
0045_0041_0036_0036_0036.jpg 1 41 36 36 36
0046_0054_0014_0034_0034.jpg 1 54 14 34 34
0047_0034_0013_0060_0060.jpg 1 34 13 60 60
0048_0006_0012_0063_0063.jpg 1 6 12 63 63
0049_0040_0049_0045_0045.jpg 1 40 49 45 45
0050_0010_0018_0054_0054.jpg 1 10 18 54 54
0051_0021_0036_0057_0057.jpg 1 21 36 57 57
0052_0018_0021_0043_0043.jpg 1 18 21 43 43
0053_0039_0022_0046_0046.jpg 1 39 22 46 46
0054_0012_0011_0069_0069.jpg 1 12 11 69 69
0055_0045_0034_0047_0047.jpg 1 45 34 47 47
0056_0013_0007_0039_0039.jpg 1 13 7 39 39
0057_0039_0022_0054_0054.jpg 1 39 22 54 54
0058_0046_0050_0036_0036.jpg 1 46 50 36 36
0059_0004_0029_0067_0067.jpg 1 4 29 67 67
0060_0025_0011_0025_0025.jpg 1 25 11 25 25
0061_0060_0037_0024_0024.jpg 1 60 37 24 24
0062_0025_0034_0052_0052.jpg 1 25 34 52 52
0063_0022_0033_0043_0043.jpg 1 22 33 43 43
0064_0025_0010_0024_0024.jpg 1 25 10 24 24
0065_0031_0023_0058_0058.jpg 1 31 23 58 58
0066_0027_0025_0052_0052.jpg 1 27 25 52 52
0067_0033_0008_0041_0041.jpg 1 33 8 41 41
0068_0022_0019_0064_0064.jpg 1 22 19 64 64
0069_0028_0029_0048_0048.jpg 1 28 29 48 48
0070_0021_0009_0049_0049.jpg 1 21 9 49 49
0071_0024_0008_0029_0029.jpg 1 24 8 29 29
0072_0018_0034_0061_0061.jpg 1 18 34 61 61
0073_0010_0052_0031_0031.jpg 1 10 52 31 31
0074_0063_0040_0028_0028.jpg 1 63 40 28 28
0075_0056_0032_0026_0026.jpg 1 56 32 26 26
0076_0031_0006_0049_0049.jpg 1 31 6 49 49
0077_0016_0034_0057_0057.jpg 1 16 34 57 57
0078_0018_0015_0060_0060.jpg 1 18 15 60 60
0079_0040_0041_0046_0046.jpg 1 40 41 46 46
0080_0016_0006_0064_0064.jpg 1 16 6 64 64
0081_0012_0023_0059_0059.jpg 1 12 23 59 59
0082_0044_0009_0038_0038.jpg 1 44 9 38 38
0083_0028_0037_0027_0027.jpg 1 28 37 27 27
0084_0024_0030_0041_0041.jpg 1 24 30 41 41
0085_0036_0025_0038_0038.jpg 1 36 25 38 38
0086_0009_0033_0026_0026.jpg 1 9 33 26 26
0087_0028_0006_0060_0060.jpg 1 28 6 60 60
0088_0016_0034_0049_0049.jpg 1 16 34 49 49
0089_0033_0014_0051_0051.jpg 1 33 14 51 51
0090_0030_0033_0026_0026.jpg 1 30 33 26 26
0091_0052_0047_0030_0030.jpg 1 52 47 30 30
0092_0020_0040_0027_0027.jpg 1 20 40 27 27
0093_0021_0041_0052_0052.jpg 1 21 41 52 52
0094_0030_0009_0041_0041.jpg 1 30 9 41 41
0095_0014_0033_0025_0025.jpg 1 14 33 25 25
0096_0032_0015_0038_0038.jpg 1 32 15 38 38
0097_0024_0025_0045_0045.jpg 1 24 25 45 45
0098_0042_0005_0049_0049.jpg 1 42 5 49 49
0099_0061_0021_0030_0030.jpg 1 61 21 30 30
0100_0024_0016_0031_0031.jpg 1 24 16 31 31
0101_0012_0007_0057_0057.jpg 1 12 7 57 57
0102_0031_0032_0062_0062.jpg 1 31 32 62 62
0103_0049_0018_0042_0042.jpg 1 49 18 42 42
0104_0037_0040_0029_0029.jpg 1 37 40 29 29
0105_0034_0007_0045_0045.jpg 1 34 7 45 45
0106_0008_0044_0050_0050.jpg 1 8 44 50 50
0107_0013_0012_0069_0069.jpg 1 13 12 69 69
0108_0055_0063_0024_0024.jpg 1 55 63 24 24
0109_0014_0025_0068_0068.jpg 1 14 25 68 68
0110_0047_0050_0034_0034.jpg 1 47 50 34 34
0111_0006_0024_0065_0065.jpg 1 6 24 65 65
0112_0034_0022_0031_0031.jpg 1 34 22 31 31
0113_0007_0033_0059_0059.jpg 1 7 33 59 59
0114_0051_0034_0037_0037.jpg 1 51 34 37 37
0115_0030_0021_0059_0059.jpg 1 30 21 59 59
0116_0049_0051_0040_0040.jpg 1 49 51 40 40
0117_0005_0014_0067_0067.jpg 1 5 14 67 67
0118_0003_0007_0062_0062.jpg 1 3 7 62 62
0119_0017_0020_0062_0062.jpg 1 17 20 62 62
0120_0026_0006_0062_0062.jpg 1 26 6 62 62
0121_0017_0006_0061_0061.jpg 1 17 6 61 61
0122_0041_0014_0051_0051.jpg 1 41 14 51 51
0123_0029_0007_0064_0064.jpg 1 29 7 64 64
0124_0029_0030_0047_0047.jpg 1 29 30 47 47
0125_0048_0012_0044_0044.jpg 1 48 12 44 44
0126_0027_0016_0064_0064.jpg 1 27 16 64 64
0127_0007_0048_0033_0033.jpg 1 7 48 33 33
0128_0012_0009_0066_0066.jpg 1 12 9 66 66
0129_0035_0025_0039_0039.jpg 1 35 25 39 39
0130_0031_0031_0042_0042.jpg 1 31 31 42 42
0131_0023_0017_0048_0048.jpg 1 23 17 48 48
0132_0018_0015_0052_0052.jpg 1 18 15 52 52
0133_0036_0007_0056_0056.jpg 1 36 7 56 56
0134_0022_0017_0044_0044.jpg 1 22 17 44 44
0135_0044_0058_0032_0032.jpg 1 44 58 32 32
0136_0025_0007_0055_0055.jpg 1 25 7 55 55
0137_0032_0004_0062_0062.jpg 1 32 4 62 62
0138_0010_0006_0067_0067.jpg 1 10 6 67 67
0139_0005_0031_0060_0060.jpg 1 5 31 60 60
0140_0027_0042_0046_0046.jpg 1 27 42 46 46
0141_0030_0008_0046_0046.jpg 1 30 8 46 46
0142_0025_0041_0053_0053.jpg 1 25 41 53 53
0143_0035_0020_0054_0054.jpg 1 35 20 54 54
0144_0018_0046_0045_0045.jpg 1 18 46 45 45
0145_0007_0034_0057_0057.jpg 1 7 34 57 57
0146_0035_0006_0059_0059.jpg 1 35 6 59 59
0147_0016_0007_0045_0045.jpg 1 16 7 45 45
0148_0034_0040_0039_0039.jpg 1 34 40 39 39
0149_0042_0040_0039_0039.jpg 1 42 40 39 39
0150_0025_0013_0054_0054.jpg 1 25 13 54 54
0151_0022_0024_0067_0067.jpg 1 22 24 67 67
0152_0024_0024_0044_0044.jpg 1 24 24 44 44
0153_0027_0026_0058_0058.jpg 1 27 26 58 58
0154_0010_0031_0027_0027.jpg 1 10 31 27 27
0155_0039_0016_0052_0052.jpg 1 39 16 52 52
0156_0048_0039_0027_0027.jpg 1 48 39 27 27
0157_0030_0011_0058_0058.jpg 1 30 11 58 58
0158_0025_0018_0049_0049.jpg 1 25 18 49 49
0159_0016_0035_0056_0056.jpg 1 16 35 56 56
0160_0029_0033_0034_0034.jpg 1 29 33 34 34
0161_0045_0015_0046_0046.jpg 1 45 15 46 46
0162_0011_0005_0068_0068.jpg 1 11 5 68 68
0163_0007_0029_0032_0032.jpg 1 7 29 32 32
0164_0049_0014_0024_0024.jpg 1 49 14 24 24
0165_0012_0008_0067_0067.jpg 1 12 8 67 67
0166_0017_0019_0061_0061.jpg 1 17 19 61 61
0167_0039_0036_0028_0028.jpg 1 39 36 28 28
0168_0009_0011_0033_0033.jpg 1 9 11 33 33
0169_0018_0033_0026_0026.jpg 1 18 33 26 26
0170_0039_0035_0036_0036.jpg 1 39 35 36 36
0171_0014_0041_0031_0031.jpg 1 14 41 31 31
0172_0044_0024_0045_0045.jpg 1 44 24 45 45
0173_0032_0026_0046_0046.jpg 1 32 26 46 46
0174_0015_0004_0058_0058.jpg 1 15 4 58 58
0175_0025_0022_0066_0066.jpg 1 25 22 66 66
0176_0020_0011_0048_0048.jpg 1 20 11 48 48
0177_0006_0019_0065_0065.jpg 1 6 19 65 65
0178_0043_0046_0043_0043.jpg 1 43 46 43 43
0179_0026_0026_0037_0037.jpg 1 26 26 37 37
0180_0055_0053_0038_0038.jpg 1 55 53 38 38
0181_0016_0006_0052_0052.jpg 1 16 6 52 52
0182_0025_0027_0043_0043.jpg 1 25 27 43 43
0183_0039_0017_0041_0041.jpg 1 39 17 41 41
0184_0045_0033_0035_0035.jpg 1 45 33 35 35
0185_0009_0030_0048_0048.jpg 1 9 30 48 48
0186_0032_0023_0046_0046.jpg 1 32 23 46 46
0187_0015_0019_0061_0061.jpg 1 15 19 61 61
0188_0013_0013_0029_0029.jpg 1 13 13 29 29
0189_0013_0038_0026_0026.jpg 1 13 38 26 26
0190_0037_0011_0042_0042.jpg 1 37 11 42 42
0191_0007_0046_0030_0030.jpg 1 7 46 30 30
0192_0011_0011_0058_0058.jpg 1 11 11 58 58
0193_0015_0004_0060_0060.jpg 1 15 4 60 60
0194_0026_0021_0025_0025.jpg 1 26 21 25 25
0195_0023_0031_0056_0056.jpg 1 23 31 56 56
0196_0046_0029_0037_0037.jpg 1 46 29 37 37
0197_0009_0015_0067_0067.jpg 1 9 15 67 67
0198_0023_0011_0059_0059.jpg 1 23 11 59 59
0199_0004_0026_0054_0054.jpg 1 4 26 54 54
0200_0035_0006_0053_0053.jpg 1 35 6 53 53
0201_0049_0020_0038_0038.jpg 1 49 20 38 38
0202_0030_0011_0066_0066.jpg 1 30 11 66 66
0203_0013_0031_0048_0048.jpg 1 13 31 48 48
0204_0044_0012_0034_0034.jpg 1 44 12 34 34
0205_0012_0024_0033_0033.jpg 1 12 24 33 33
0206_0020_0030_0056_0056.jpg 1 20 30 56 56
0207_0023_0018_0063_0063.jpg 1 23 18 63 63
0208_0007_0035_0057_0057.jpg 1 7 35 57 57
0209_0031_0040_0037_0037.jpg 1 31 40 37 37
0210_0052_0050_0024_0024.jpg 1 52 50 24 24
0211_0053_0051_0041_0041.jpg 1 53 51 41 41
0212_0056_0035_0028_0028.jpg 1 56 35 28 28
0213_0020_0035_0028_0028.jpg 1 20 35 28 28
0214_0022_0009_0053_0053.jpg 1 22 9 53 53
0215_0031_0026_0063_0063.jpg 1 31 26 63 63
0216_0052_0013_0038_0038.jpg 1 52 13 38 38
0217_0017_0011_0024_0024.jpg 1 17 11 24 24
0218_0038_0050_0036_0036.jpg 1 38 50 36 36
0219_0028_0031_0058_0058.jpg 1 28 31 58 58
0220_0012_0005_0068_0068.jpg 1 12 5 68 68
0221_0028_0004_0068_0068.jpg 1 28 4 68 68
0222_0009_0014_0057_0057.jpg 1 9 14 57 57
0223_0046_0021_0045_0045.jpg 1 46 21 45 45
0224_0021_0005_0055_0055.jpg 1 21 5 55 55
0225_0035_0011_0048_0048.jpg 1 35 11 48 48
0226_0049_0033_0030_0030.jpg 1 49 33 30 30
0227_0053_0031_0033_0033.jpg 1 53 31 33 33
0228_0026_0026_0066_0066.jpg 1 26 26 66 66
0229_0036_0039_0043_0043.jpg 1 36 39 43 43
0230_0007_0033_0050_0050.jpg 1 7 33 50 50
0231_0020_0036_0056_0056.jpg 1 20 36 56 56
0232_0008_0024_0035_0035.jpg 1 8 24 35 35
0233_0045_0028_0040_0040.jpg 1 45 28 40 40
0234_0049_0026_0042_0042.jpg 1 49 26 42 42
0235_0039_0051_0040_0040.jpg 1 39 51 40 40
0236_0040_0040_0050_0050.jpg 1 40 40 50 50
0237_0004_0025_0057_0057.jpg 1 4 25 57 57
0238_0005_0009_0065_0065.jpg 1 5 9 65 65
0239_0028_0012_0065_0065.jpg 1 28 12 65 65
0240_0024_0026_0056_0056.jpg 1 24 26 56 56
0241_0036_0028_0024_0024.jpg 1 36 28 24 24
0242_0004_0006_0065_0065.jpg 1 4 6 65 65
0243_0055_0046_0029_0029.jpg 1 55 46 29 29
0244_0020_0043_0035_0035.jpg 1 20 43 35 35
0245_0032_0035_0049_0049.jpg 1 32 35 49 49
0246_0020_0027_0051_0051.jpg 1 20 27 51 51
0247_0017_0035_0044_0044.jpg 1 17 35 44 44
0248_0041_0029_0033_0033.jpg 1 41 29 33 33
0249_0054_0022_0028_0028.jpg 1 54 22 28 28
0250_0005_0016_0055_0055.jpg 1 5 16 55 55
